0:100  0:100  MemLog inited, TSC freq: 2706850670
0:100  0:000  CPU was calibrated with RTC
0:100  0:000  
0:100  0:000  Now is 8.5.2018,  3:24:53 (GMT)
0:100  0:000  Starting Clover revision: 4418 on INSYDE Corp. EFI
0:100  0:000  Build with: [Args: -mc --no-usb -D NO_GRUB_DRIVERS_EMBEDDED -t XCODE8 | -D DISABLE_USB_SUPPORT -D NO_GRUB_DRIVERS_EMBEDDED --conf=/Users/sky/src/edk2/Conf -D USE_BIOS_BLOCKIO -D USE_LOW_EBDA -a X64 -b RELEASE -t XCODE8 -n 5 | OS: 10.13.4 | XCODE: 9.2]
0:100  0:000  SelfDevicePath=PciRoot(0x0)\Pci(0x1D,0x0)\Pci(0x0,0x0)\NVMe(0x1,35-E7-B9-61-49-38-25-00)\HD(1,GPT,44FBD72A-3C6E-4100-B57B-F0728781F64D,0x28,0x64000) @6FCDC218
0:100  0:000  SelfDirPath = \EFI\BOOT
0:100  0:000  === [ Get Smbios ] ========================================
0:105  0:004  Type 16 Index = 0
0:105  0:000  Total Memory Slots Count = 2
0:105  0:000  Type 17 Index = 0
0:105  0:000  SmbiosTable.Type17->Speed = 1867MHz
0:105  0:000  SmbiosTable.Type17->Size = 4096MB
0:105  0:000  SmbiosTable.Type17->Bank/Device = BANK 0 Bottom-on board
0:105  0:000  SmbiosTable.Type17->Vendor = Samsung
0:105  0:000  SmbiosTable.Type17->SerialNumber = Not Available
0:105  0:000  SmbiosTable.Type17->PartNumber = K4E6E304EB-EGCF   
0:105  0:000  Type 17 Index = 1
0:105  0:000  SmbiosTable.Type17->Speed = 1867MHz
0:105  0:000  SmbiosTable.Type17->Size = 4096MB
0:105  0:000  SmbiosTable.Type17->Bank/Device = BANK 2 Bottom-on board
0:105  0:000  SmbiosTable.Type17->Vendor = Samsung
0:105  0:000  SmbiosTable.Type17->SerialNumber = Not Available
0:105  0:000  SmbiosTable.Type17->PartNumber = K4E6E304EB-EGCF   
0:105  0:000  Boot status=0
0:105  0:000  Running on: 'HP ENVY Notebook 13-ab0XX' with board '82B9'
0:105  0:000  === [ GetCPUProperties ] ==================================
0:105  0:000  CPU Vendor = 756E6547 Model=806E9
0:105  0:000   The CPU supported SSE4.1
0:105  0:000  BrandString = Intel(R) Core(TM) i5-7200U CPU @ 2.50GHz
0:105  0:000   The CPU supported turbo
0:105  0:000  MSR 0x35               20004
0:105  0:000   TSC/CCC Information Leaf:
0:105  0:000    numerator     : 226
0:105  0:000    denominator   : 2
0:105  0:000   Calibrated ARTFrequency: 23954430
0:105  0:000  MSR 0xE2 before patch 1E008008
0:105  0:000  MSR 0xE2 is locked, PM patches will be turned on
0:105  0:000  MSR 0xCE              0004043D_F1011B00
0:105  0:000  corrected FLEX_RATIO = 0
0:105  0:000  MSR 0x1B0             00000000
0:105  0:000  FSBFrequency = 89 MHz, DMI FSBFrequency = 100 MHz, Corrected FSBFrequency = 100 MHz
0:105  0:000  MaxDiv/MinDiv: 27.0/4
0:105  0:000  Turbo: 31/31/31/31
0:105  0:000  Features: 0xBFEBFBFF
0:105  0:000  Threads: 4
0:105  0:000  Cores: 2
0:105  0:000  FSB: 100 MHz
0:105  0:000  CPU: 2400 MHz
0:105  0:000  TSC: 2400 MHz
0:105  0:000  PIS: 100 MHz
0:105  0:000  ExternalClock: 25 MHz
0:105  0:000  === [ GetDevices ] ========================================
0:105  0:000  PCI (00|00:00.00) : 8086 5904 class=060000
0:105  0:000  PCI (00|00:02.00) : 8086 5916 class=030000
0:105  0:000   - GFX: Model=Intel HD Graphics 620 (Intel)
0:105  0:000  PCI (00|00:04.00) : 8086 1903 class=118000
0:105  0:000  PCI (00|00:08.00) : 8086 1911 class=088000
0:105  0:000  PCI (00|00:14.00) : 8086 9D2F class=0C0330
0:105  0:000  PCI (00|00:14.02) : 8086 9D31 class=118000
0:105  0:000  PCI (00|00:15.00) : 8086 9D60 class=118000
0:106  0:000  PCI (00|00:15.01) : 8086 9D61 class=118000
0:106  0:000  PCI (00|00:16.00) : 8086 9D3A class=078000
0:106  0:000  PCI (00|00:17.00) : 8086 9D03 class=010601
0:106  0:000  PCI (00|00:1C.00) : 8086 9D12 class=060400
0:106  0:000  PCI (00|01:00.00) : 14E4 43B1 class=028000
0:106  0:000   - WIFI: Vendor=Broadcom
0:106  0:000  PCI (00|00:1C.04) : 8086 9D14 class=060400
0:106  0:000  PCI (00|02:00.00) : 10EC 522A class=FF0000
0:106  0:000  PCI (00|00:1D.00) : 8086 9D18 class=060400
0:106  0:000  PCI (00|03:00.00) : 144D A802 class=010802
0:106  0:000  PCI (00|00:1F.00) : 8086 9D58 class=060100
0:106  0:000  PCI (00|00:1F.02) : 8086 9D21 class=058000
0:106  0:000  PCI (00|00:1F.03) : 8086 9D71 class=040380
0:106  0:000  PCI (00|00:1F.04) : 8086 9D23 class=0C0500
0:106  0:000  === [ GetDefaultSettings ] ================================
0:106  0:000  Clover load options size = 0 bytes
0:113  0:007  EFI\CLOVER\config.plist loaded: Success
0:118  0:005  === [ GetListOfThemes ] ===================================
0:119  0:000  - [00]: SimpleThemeDark
0:120  0:001  === [ Found config plists ] ===============================
0:120  0:000  - config.plist
0:120  0:000  === [ GetEarlyUserSettings ] ==============================
0:120  0:000  timeout set to 5
0:120  0:000  Custom boot CUSTOM_BOOT_APPLE (0x0)
0:120  0:000  ForceKextsToLoad: 1 requested
0:120  0:000   - [0]: System\Library\Extensions\IONetworkingFamily.kext
0:120  0:000  KextsToPatch: 23 requested
0:120  0:000   - [00]: com.apple.driver.AppleIntelLpssI2C (Prevent Apple I2C kexts from attaching to I2C controllers, credit CoolStar) :: PlistPatch :: data len: 5
0:120  0:000   - [01]: com.apple.driver.AppleIntelLpssI2CController (Prevent Apple I2C kexts from attaching to I2C controllers, credit CoolStar) :: PlistPatch :: data len: 5
0:120  0:000   - [02]: com.apple.iokit.IOAHCIBlockStorage (Enable TRIM for SSD) :: BinPatch :: data len: 11
0:120  0:000   - [03]: com.apple.iokit.IOGraphicsFamily (Boot graphics glitch, 10.10.2/10.10.3) :: MatchOS: 10.10.2,10.10.3 :: BinPatch :: data len: 5
0:120  0:000   - [04]: com.apple.iokit.IOGraphicsFamily (Boot graphics glitch, 10.10.x/10.11.x (credit lisai9093, cecekpawon)) :: MatchOS: 10.10.x,10.11.x :: BinPatch :: data len: 5
0:120  0:000   - [05]: com.apple.iokit.IOGraphicsFamily (Boot graphics glitch, 10.12.dp1 (credit denskop)) :: MatchOS: 10.12.x :: BinPatch :: data len: 5
0:120  0:000   - [06]: com.apple.iokit.IOGraphicsFamily (Boot graphics glitch, 10.13 beta (based on denskop patch)) :: MatchOS: 10.13.x :: BinPatch :: data len: 5
0:120  0:000   - [07]: com.apple.driver.AppleUSBXHCI (Disable Intel, Fresco Logic USB3.0 controllers check, 10.9.* (credit Zenith432)) :: BinPatch :: data len: 9
0:120  0:000   - [08]: com.apple.driver.AppleUSBXHCI (Disable Intel, Fresco Logic USB3.0 controllers check, 10.10.* (credit Zenith432)) :: BinPatch :: data len: 9
0:120  0:000   - [09]: com.apple.driver.AppleUSBXHCI (Disable XHCI 1.0 check, 10.9.* (credit Zenith432)) :: BinPatch :: data len: 4
0:120  0:000   - [10]: com.apple.driver.AppleUSBXHCI (Disable XHCI 1.0 check, 10.10.* (credit Zenith432)) :: BinPatch :: data len: 11
0:120  0:000   - [11]: com.apple.driver.AppleUSBXHCI (Patch MSI or pin interrupts #1, 10.9.*, 10.10.* (credit Zenith432)) :: BinPatch :: data len: 8
0:120  0:000   - [12]: com.apple.driver.AppleUSBXHCI (Patch MSI or pin interrupts #2, 10.10.* (credit Zenith432)) :: BinPatch :: data len: 7
0:120  0:000   - [13]: com.apple.driver.AppleUSBXHCI (Disable the sleep code leaving the controller in non-working state after wake, 10.9.*, 10.10.* (credit Zenith432)) :: BinPatch :: data len: 7
0:120  0:000   - [14]: com.apple.driver.AppleUSBXHCI (Enable PCI power management if there is no such code in DSDT, 10.9.*, 10.10.* (credit Zenith432)) :: BinPatch :: data len: 9
0:120  0:000   - [15]: com.apple.driver.AppleBacklight (change F%uT%04x to F%uTxxxx in AppleBacklightInjector.kext (credit RehabMan)) :: BinPatch :: data len: 9
0:120  0:000   - [16]: com.apple.driver.usb.AppleUSBXHCIPCI (change 15 port limit to 26 in XHCI kext) :: MatchOS: 10.13.0,10.13.1,10.13.2,10.13.3 :: BinPatch :: data len: 4
0:120  0:000   - [17]: com.apple.driver.usb.AppleUSBXHCI (change 15 port limit to 26 in XHCI kext (credit FredWst)) :: MatchOS: 10.13.4 :: BinPatch :: data len: 8
0:120  0:000   - [18]: com.apple.driver.usb.AppleUSBXHCI (disable port limit in XHCI kext (credit PMHeart)) :: MatchOS: 10.13.4 :: BinPatch :: data len: 10
0:121  0:000   - [19]: AppleIntelKBLGraphicsFramebuffer (1536MB -> 2048MB for HD620 Mobile) :: BinPatch :: data len: 16
0:121  0:000   - [20]: com.apple.driver.AppleIntelKBLGraphicsFramebuffer (0x591b0000, 32MB BIOS, 19MB framebuffer 9MB cursor bytes (credit RehabMan)) :: BinPatch :: data len: 8
0:121  0:000   - [21]: com.apple.driver.AppleIntelKBLGraphicsFramebuffer (0x591b0000, 0105 instead of 0306, HDMI) :: BinPatch :: data len: 36
0:121  0:000   - patch disabled at config
0:121  0:000   - [22]: com.apple.driver.AppleBacklight (change F%uT%04x to F%uTxxxx in AppleBacklightInjector.kext (credit RehabMan)) :: BinPatch :: data len: 9
0:121  0:000  KernelToPatch: 3 requested
0:121  0:000   - [00]: Disable panic kext logging on 10.13 Debug kernel :: MatchOS: 10.13 :: data len: 6
0:121  0:000   - [01]: Disable panic kext logging on 10.13 Release kernel :: MatchOS: 10.13 :: data len: 6
0:121  0:000   - [02]: MSR 0xE2 _xcpm_idle instant reboot(c) Pike R. Alpha :: data len: 8
0:121  0:000  Default theme: SimpleThemeDark
0:121  0:000  Hiding entries with string Preboot
0:121  0:000  Hiding entries with string Recovery
0:121  0:000  ** Warning: unknown custom entry Type 'Other'
0:121  0:000  === [ LoadDrivers ] =======================================
0:121  0:000  Loading HFSPlus.efi  status=Success
0:122  0:001   - driver needs connecting
0:122  0:000  Loading apfs.efi  status=Success
0:126  0:003   - driver needs connecting
0:126  0:000  Loading FSInject-64.efi  status=Success
0:127  0:000  Loading AptioMemoryFix.efi  status=Success
0:128  0:000  2 drivers needs connecting ...
0:128  0:000  PlatformDriverOverrideProtocol->GetDriver overriden
0:128  0:000  HFS+ driver loaded
0:128  0:000  APFS driver loaded
0:128  0:000  Searching for invalid DiskIo BY_DRIVER connects: not found, all ok
1:243  1:115  === [ InitScreen ] ========================================
1:243  0:000  SetMaxResolution: found best mode 0: 1920x1080
1:243  0:000   - already set
1:243  0:000  Console modes reported: 7, available modes:
1:243  0:000   - [01]: 80x25
1:243  0:000   - [02]: 80x50
1:243  0:000   - [03]: 80x25
1:243  0:000   - [04]: 240x56 (current mode)
1:243  0:000   - [05]: 100x31
1:243  0:000   - [06]: 128x40
1:243  0:000   - [07]: 160x53
1:244  0:000  SetScreenResolution: 1920x1080 - already set
1:244  0:000  reinit: self device path=PciRoot(0x0)\Pci(0x1D,0x0)\Pci(0x0,0x0)\NVMe(0x1,35-E7-B9-61-49-38-25-00)\HD(1,GPT,44FBD72A-3C6E-4100-B57B-F0728781F64D,0x28,0x64000)
1:244  0:000  === [ GetMacAddress ] =====================================
1:244  0:000  === [ ScanSPD ] ===========================================
1:244  0:000  SMBus device : 8086 9D23 class=0C0500 status=Success
1:244  0:000  SMBus CmdReg: 0x3
1:244  0:000  Scanning SMBus [8086:9D23], mmio: 0xA1538004, ioport: 0x4040, hostc: 0x11
1:244  0:000  Slots to scan [8]...
1:245  0:001  === [ GetAcpiTablesList ] =================================
1:255  0:009  Get Acpi Tables List from RSDT:
1:255  0:000   - [00]: FACP  SLIC-MPC len=268
1:255  0:000   - [01]: UEFI  INSYDE   len=566
1:255  0:000   - [02]: UEFI  INSYDE   len=66
1:255  0:000   - [03]: SSDT  INSYDE   len=25239
1:255  0:000   - [04]: MSDM  SLIC-MPC len=85
1:255  0:000   - [05]: SSDT  INSYDE   len=12403
1:255  0:000   - [06]: SSDT  INSYDE   len=39766
1:255  0:000   - [07]: SSDT  INSYDE   len=2728
1:255  0:000   - [08]: ASF!  INSYDE   len=165
1:255  0:000   - [09]: ASPT  INSYDE   len=52
1:255  0:000   - [10]: BOOT  INSYDE   len=40
1:255  0:000   - [11]: DBGP  SLIC-MPC len=52
1:255  0:000   - [12]: HPET  INSYDE   len=56
1:255  0:000   - [13]: APIC  SLIC-MPC len=188
1:255  0:000   - [14]: MCFG  INSYDE   len=60
1:255  0:000   - [15]: SSDT  INSYDE   len=1470
1:255  0:000   - [16]: SSDT  INSYDE   len=444
1:255  0:000   - [17]: LPIT  INSYDE   len=148
1:255  0:000   - [18]: WSMT  INSYDE   len=40
1:255  0:000   - [19]: SSDT  INSYDE   len=671
1:255  0:000   - [20]: SSDT  INSYDE   len=838
1:255  0:000   - [21]: SSDT  INSYDE   len=13694
1:255  0:000   - [22]: SSDT  INSYDE   len=1310
1:255  0:000   - [23]: DBGP  SLIC-MPC len=52
1:255  0:000   - [24]: DBG2  INSYDE   len=84
1:255  0:000   - [25]: SSDT  INSYDE   len=4202
1:255  0:000   - [26]: SSDT  INSYDE   len=3806
1:255  0:000   - [27]: DMAR  INSYDE   len=240
1:255  0:000   - [28]: NHLT  INSYDE   len=45
1:255  0:000   - [29]: FPDT  SLIC-MPC len=68
1:255  0:000   - [30]: BGRT  INSYDE   len=56
1:255  0:000  Calibrated TSC Frequency = 2706850670 = 2706MHz
1:255  0:000  === [ GetUserSettings ] ===================================
1:255  0:000  USB FixOwnership: yes
1:255  0:000  Dropping 2 tables:
1:255  0:000   - [00]: Drop table  signature="#MCF" (46434D23)
1:255  0:000           - set table: 46434D23,                0 to drop: no
1:255  0:000   - [01]: Drop table  signature="DMAR" (52414D44)
1:255  0:000           - set table: 52414D44,                0 to drop: yes
1:255  0:000   - final DSDT Fix mask=00000000
1:255  0:000  PatchesDSDT: 13 requested
1:255  0:000   - [00]: (change OSID to XSID (to avoid match against _OSI XOSI patch)) lenToFind: 4, lenToReplace: 4, Target Bridge: <null string>
1:255  0:000    patch disabled at config
1:255  0:000   - [01]: (change _OSI to XOSI) lenToFind: 4, lenToReplace: 4, Target Bridge: <null string>
1:255  0:000    patch disabled at config
1:255  0:000   - [02]: (change _DSM to XDSM) lenToFind: 4, lenToReplace: 4, Target Bridge: <null string>
1:255  0:000    patch disabled at config
1:255  0:000   - [03]: (change EC0 to EC) lenToFind: 4, lenToReplace: 4, Target Bridge: <null string>
1:255  0:000    patch disabled at config
1:255  0:000   - [04]: (change H_EC to EC) lenToFind: 4, lenToReplace: 4, Target Bridge: <null string>
1:255  0:000    patch disabled at config
1:255  0:000   - [05]: (change ECDV to EC) lenToFind: 4, lenToReplace: 4, Target Bridge: <null string>
1:255  0:000    patch disabled at config
1:255  0:000   - [06]: (change HDAS to HDEF) lenToFind: 4, lenToReplace: 4, Target Bridge: <null string>
1:255  0:000   - [07]: (change HECI to IMEI) lenToFind: 4, lenToReplace: 4, Target Bridge: <null string>
1:255  0:000   - [08]: (change MEI to IMEI) lenToFind: 4, lenToReplace: 4, Target Bridge: <null string>
1:255  0:000   - [09]: (change GFX0 to IGPU) lenToFind: 4, lenToReplace: 4, Target Bridge: <null string>
1:255  0:000   - [10]: (change PCI0.VID to IGPU #1 (Thinkpad)) lenToFind: 8, lenToReplace: 8, Target Bridge: <null string>
1:255  0:000    patch disabled at config
1:255  0:000   - [11]: (change PCI0.VID to IGPU #2 (Thinkpad)) lenToFind: 14, lenToReplace: 14, Target Bridge: <null string>
1:255  0:000    patch disabled at config
1:255  0:000   - [12]: (change 6DA003 to 6DA000) lenToFind: 4, lenToReplace: 4, Target Bridge: <null string>
1:255  0:000  PluginType: 1
1:255  0:000  Using ProductName from config: MacBookPro14,1
1:255  0:000  Found same BiosVersion in clover and config
1:255  0:000  BiosVersion: MBP141.88Z.0173.B00.1802081002
1:255  0:000  BiosReleaseDate: 02/08/2018
1:255  0:000  Using FirmwareFeatures from config: 0xFC0FE137
1:255  0:000  Using FirmwareFeaturesMask from config: 0xFF1FFF3F
1:255  0:000  Board-ID set from config as Mac-B4831CEBD52A0C4C
1:255  0:000  BoardType: 0xA
1:255  0:000  ChassisType: 0x9
2:305  1:049  === [ ScanVolumes ] =======================================
2:305  0:000  Found 7 volumes with blockIO
2:305  0:000  - [00]: Volume: PciRoot(0x0)\Pci(0x1D,0x0)\Pci(0x0,0x0)\NVMe(0x1,35-E7-B9-61-49-38-25-00)
2:305  0:000  - [01]: Volume: PciRoot(0x0)\Pci(0x1D,0x0)\Pci(0x0,0x0)\NVMe(0x1,35-E7-B9-61-49-38-25-00)\HD(1,GPT,44FBD72A-3C6E-4100-B57B-F0728781F64D,0x28,0x64000)
2:305  0:000          Result of bootcode detection: bootable unknown (legacy)
2:305  0:000          This is SelfVolume !!
2:305  0:000  - [02]: Volume: PciRoot(0x0)\Pci(0x1D,0x0)\Pci(0x0,0x0)\NVMe(0x1,35-E7-B9-61-49-38-25-00)\HD(2,GPT,035692A8-133F-40D9-AF85-6B3F84232C22,0x64028,0x1DC8F260)
2:305  0:000          Result of bootcode detection: bootable unknown (legacy)
2:305  0:000  - [03]: Volume: PciRoot(0x0)\Pci(0x1D,0x0)\Pci(0x0,0x0)\NVMe(0x1,35-E7-B9-61-49-38-25-00)\HD(2,GPT,035692A8-133F-40D9-AF85-6B3F84232C22,0x64028,0x1DC8F260)\VenMedia(BE74FCF7-0B7C-49F3-9147-01F4042E6842,688B4CE36A481E49BF829E34D541236F)
2:306  0:000          hiding this volume
2:306  0:000  - [04]: Volume: PciRoot(0x0)\Pci(0x1D,0x0)\Pci(0x0,0x0)\NVMe(0x1,35-E7-B9-61-49-38-25-00)\HD(2,GPT,035692A8-133F-40D9-AF85-6B3F84232C22,0x64028,0x1DC8F260)\VenMedia(BE74FCF7-0B7C-49F3-9147-01F4042E6842,33CF0B252670324A98D2C3347076D877)
2:306  0:000  - [05]: Volume: PciRoot(0x0)\Pci(0x1D,0x0)\Pci(0x0,0x0)\NVMe(0x1,35-E7-B9-61-49-38-25-00)\HD(2,GPT,035692A8-133F-40D9-AF85-6B3F84232C22,0x64028,0x1DC8F260)\VenMedia(BE74FCF7-0B7C-49F3-9147-01F4042E6842,47A0CDEEF096434FB52D0711139655DC)
2:306  0:000          hiding this volume
2:306  0:000  - [06]: Volume: PciRoot(0x0)\Pci(0x1D,0x0)\Pci(0x0,0x0)\NVMe(0x1,35-E7-B9-61-49-38-25-00)\HD(2,GPT,035692A8-133F-40D9-AF85-6B3F84232C22,0x64028,0x1DC8F260)\VenMedia(BE74FCF7-0B7C-49F3-9147-01F4042E6842,9D966964D2B88E4CBE67D064F3D29F26)
2:306  0:000  === [ InitTheme ] =========================================
2:313  0:006  Using theme 'SimpleThemeDark' (EFI\CLOVER\themes\SimpleThemeDark)
2:313  0:000  OS main and drive as badge
2:315  0:002  Loading font from ThemeDir: Success
2:315  0:000  Choosing theme SimpleThemeDark
2:315  0:000  found boot-args in NVRAM:kext-dev-mode=1, size=16
2:315  0:000  ...found arg:kext-dev-mode=1
2:315  0:000  ...adding arg:kext-dev-mode=1
2:315  0:000  after NVRAM boot-args=-v dart=0 darkwake=8 kext-dev-mode=1 
2:315  0:000  === [ Dump SMC keys from NVRAM ] ==========================
2:315  0:000  no AppleSMC protocol
2:343  0:027  === [ AddCustomEntries ] ==================================
2:343  0:000  Custom entry 0 skipped because it is disabled.
2:343  0:000  === [ ScanLoader ] ========================================
2:343  0:000  - [01]: 'EFI'
2:360  0:017  - [03]: 'Preboot', hidden
2:360  0:000  - [04]: 'Laptop-SSD'
2:362  0:001          AddLoaderEntry for Volume Name=Laptop-SSD
2:362  0:000      Not match custom entry 0: Type: not match
2:365  0:003      hibernated: set as never
2:380  0:014  - [05]: 'Recovery', hidden
2:380  0:000  - [06]: 'VM'
2:393  0:013  === [ AddCustomTool ] =====================================
2:394  0:000  found tool \EFI\CLOVER\tools\Shell64U.efi
2:394  0:000  Checking EFI partition Volume 1 for Clover
2:394  0:000   Found Clover
2:396  0:002  === [ GetEfiBootDeviceFromNvram ] =========================
2:396  0:000   - efi-boot-device-data: PciRoot(0x0)\Pci(0x1D,0x0)\Pci(0x0,0x0)\NVMe(0x1,35-E7-B9-61-49-38-25-00)\HD(2,GPT,035692A8-133F-40D9-AF85-6B3F84232C22,0x64028,0x1DC8F260)\VenMedia(BE74FCF7-0B7C-49F3-9147-01F4042E6842,33CF0B252670324A98D2C3347076D877)
2:396  0:000    - Volume: 'PciRoot(0x0)\Pci(0x1D,0x0)\Pci(0x0,0x0)\NVMe(0x1,35-E7-B9-61-49-38-25-00)\HD(2,GPT,035692A8-133F-40D9-AF85-6B3F84232C22,0x64028,0x1DC8F260)\VenMedia(BE74FCF7-0B7C-49F3-9147-01F4042E6842,33CF0B252670324A98D2C3347076D877)'
2:396  0:000    - LoaderPath: '<null string>'
2:396  0:000    - Guid = 035692A8-133F-40D9-AF85-6B3F84232C22
2:396  0:000  === [ FindStartupDiskVolume ] =============================
2:396  0:000    - Volume: partition = PciRoot(0x0)\Pci(0x1D,0x0)\Pci(0x0,0x0)\NVMe(0x1,35-E7-B9-61-49-38-25-00)\HD(2,GPT,035692A8-133F-40D9-AF85-6B3F84232C22,0x64028,0x1DC8F260)\VenMedia(BE74FCF7-0B7C-49F3-9147-01F4042E6842,33CF0B252670324A98D2C3347076D877)
2:396  0:000     - searching for that partition
2:396  0:000      - found entry 0. 'Boot macOS from Laptop-SSD', Volume 'Laptop-SSD'
2:396  0:000  Boot redirected to Entry 0. 'Boot macOS from Laptop-SSD'
2:396  0:000  DefaultIndex=0 and MainMenu.EntryCount=7
2:464  0:067  GUI ready
27:034  24:570  BootVariable of the entry is empty
27:034  0:000  === [ StartLoader ] =======================================
27:034  0:000  Finally: ExternalClock=25MHz BusSpeed=100253kHz CPUFreq=2707MHz PIS: hw.busfrequency=100000000Hz
27:034  0:000  Loading boot.efi  status=Success
27:076  0:041  GetOSVersion: 10.13.4 (17E202)
27:076  0:000  CSR_CFG: CSR_ALLOW_UNTRUSTED_KEXTS | CSR_ALLOW_UNRESTRICTED_FS | CSR_ALLOW_TASK_FOR_PID | CSR_ALLOW_UNRESTRICTED_DTRACE | CSR_ALLOW_UNRESTRICTED_NVRAM
27:076  0:000  Filtering KextPatches:
27:076  0:000   - [00]: com.apple.driver.AppleIntelLpssI2C (Prevent Apple I2C kexts from attaching to I2C controllers, credit CoolStar) :: PlistPatch :: [OS: 10.13.4 | MatchOS: All | MatchBuild: All] ==> allowed
27:076  0:000   - [01]: com.apple.driver.AppleIntelLpssI2CController (Prevent Apple I2C kexts from attaching to I2C controllers, credit CoolStar) :: PlistPatch :: [OS: 10.13.4 | MatchOS: All | MatchBuild: All] ==> allowed
27:076  0:000   - [02]: com.apple.iokit.IOAHCIBlockStorage (Enable TRIM for SSD) :: BinPatch :: [OS: 10.13.4 | MatchOS: All | MatchBuild: All] ==> allowed
27:076  0:000   - [03]: com.apple.iokit.IOGraphicsFamily (Boot graphics glitch, 10.10.2/10.10.3) :: BinPatch :: [OS: 10.13.4 | MatchOS: 10.10.2,10.10.3 | MatchBuild: All] ==> not allowed
27:076  0:000   - [04]: com.apple.iokit.IOGraphicsFamily (Boot graphics glitch, 10.10.x/10.11.x (credit lisai9093, cecekpawon)) :: BinPatch :: [OS: 10.13.4 | MatchOS: 10.10.x,10.11.x | MatchBuild: All] ==> not allowed
27:076  0:000   - [05]: com.apple.iokit.IOGraphicsFamily (Boot graphics glitch, 10.12.dp1 (credit denskop)) :: BinPatch :: [OS: 10.13.4 | MatchOS: 10.12.x | MatchBuild: All] ==> not allowed
27:076  0:000   - [06]: com.apple.iokit.IOGraphicsFamily (Boot graphics glitch, 10.13 beta (based on denskop patch)) :: BinPatch :: [OS: 10.13.4 | MatchOS: 10.13.x | MatchBuild: All] ==> allowed
27:076  0:000   - [07]: com.apple.driver.AppleUSBXHCI (Disable Intel, Fresco Logic USB3.0 controllers check, 10.9.* (credit Zenith432)) :: BinPatch :: [OS: 10.13.4 | MatchOS: All | MatchBuild: All] ==> allowed
27:076  0:000   - [08]: com.apple.driver.AppleUSBXHCI (Disable Intel, Fresco Logic USB3.0 controllers check, 10.10.* (credit Zenith432)) :: BinPatch :: [OS: 10.13.4 | MatchOS: All | MatchBuild: All] ==> allowed
27:076  0:000   - [09]: com.apple.driver.AppleUSBXHCI (Disable XHCI 1.0 check, 10.9.* (credit Zenith432)) :: BinPatch :: [OS: 10.13.4 | MatchOS: All | MatchBuild: All] ==> allowed
27:076  0:000   - [10]: com.apple.driver.AppleUSBXHCI (Disable XHCI 1.0 check, 10.10.* (credit Zenith432)) :: BinPatch :: [OS: 10.13.4 | MatchOS: All | MatchBuild: All] ==> allowed
27:076  0:000   - [11]: com.apple.driver.AppleUSBXHCI (Patch MSI or pin interrupts #1, 10.9.*, 10.10.* (credit Zenith432)) :: BinPatch :: [OS: 10.13.4 | MatchOS: All | MatchBuild: All] ==> allowed
27:076  0:000   - [12]: com.apple.driver.AppleUSBXHCI (Patch MSI or pin interrupts #2, 10.10.* (credit Zenith432)) :: BinPatch :: [OS: 10.13.4 | MatchOS: All | MatchBuild: All] ==> allowed
27:076  0:000   - [13]: com.apple.driver.AppleUSBXHCI (Disable the sleep code leaving the controller in non-working state after wake, 10.9.*, 10.10.* (credit Zenith432)) :: BinPatch :: [OS: 10.13.4 | MatchOS: All | MatchBuild: All] ==> allowed
27:076  0:000   - [14]: com.apple.driver.AppleUSBXHCI (Enable PCI power management if there is no such code in DSDT, 10.9.*, 10.10.* (credit Zenith432)) :: BinPatch :: [OS: 10.13.4 | MatchOS: All | MatchBuild: All] ==> allowed
27:076  0:000   - [15]: com.apple.driver.AppleBacklight (change F%uT%04x to F%uTxxxx in AppleBacklightInjector.kext (credit RehabMan)) :: BinPatch :: [OS: 10.13.4 | MatchOS: All | MatchBuild: All] ==> allowed
27:076  0:000   - [16]: com.apple.driver.usb.AppleUSBXHCIPCI (change 15 port limit to 26 in XHCI kext) :: BinPatch :: [OS: 10.13.4 | MatchOS: 10.13.0,10.13.1,10.13.2,10.13.3 | MatchBuild: All] ==> not allowed
27:076  0:000   - [17]: com.apple.driver.usb.AppleUSBXHCI (change 15 port limit to 26 in XHCI kext (credit FredWst)) :: BinPatch :: [OS: 10.13.4 | MatchOS: 10.13.4 | MatchBuild: All] ==> allowed
27:076  0:000   - [18]: com.apple.driver.usb.AppleUSBXHCI (disable port limit in XHCI kext (credit PMHeart)) :: BinPatch :: [OS: 10.13.4 | MatchOS: 10.13.4 | MatchBuild: All] ==> allowed
27:076  0:000   - [19]: AppleIntelKBLGraphicsFramebuffer (1536MB -> 2048MB for HD620 Mobile) :: BinPatch :: [OS: 10.13.4 | MatchOS: All | MatchBuild: All] ==> allowed
27:076  0:000   - [20]: com.apple.driver.AppleIntelKBLGraphicsFramebuffer (0x591b0000, 32MB BIOS, 19MB framebuffer 9MB cursor bytes (credit RehabMan)) :: BinPatch :: [OS: 10.13.4 | MatchOS: All | MatchBuild: All] ==> allowed
27:076  0:000   - [21]: com.apple.driver.AppleIntelKBLGraphicsFramebuffer (0x591b0000, 0105 instead of 0306, HDMI) :: BinPatch :: [OS: 10.13.4 | MatchOS: All | MatchBuild: All] ==> disabled by user
27:076  0:000   - [22]: com.apple.driver.AppleBacklight (change F%uT%04x to F%uTxxxx in AppleBacklightInjector.kext (credit RehabMan)) :: BinPatch :: [OS: 10.13.4 | MatchOS: All | MatchBuild: All] ==> allowed
27:076  0:000  Filtering KernelPatches:
27:076  0:000   - [00]: Disable panic kext logging on 10.13 Debug kernel :: [OS: 10.13.4 | MatchOS: 10.13 | MatchBuild: no] ==> allowed by OS
27:076  0:000   - [01]: Disable panic kext logging on 10.13 Release kernel :: [OS: 10.13.4 | MatchOS: 10.13 | MatchBuild: no] ==> allowed by OS
27:076  0:000   - [02]: MSR 0xE2 _xcpm_idle instant reboot(c) Pike R. Alpha :: [OS: 10.13.4 | MatchOS: All | MatchBuild: no] ==> allowed by OS
27:076  0:000  Will not patch boot.efi
27:076  0:000  === [ PatchSmbios ] =======================================
27:076  0:000  insert table 9 for dev 0:0
27:077  0:000  Trusting SMBIOS...
27:077  0:000  Detected alternating SMBIOS channel banks
27:077  0:000  Channels: 2
27:077  0:000  Interleave: 0 2 1 3 4 6 5 7 8 10 9 11 12 14 13 15 16 18 17 19 20 22 21 23
27:077  0:000   partNum=K4E6E304EB-EGCF   
27:077  0:000  SMBIOS Type 17 Index = 0 => 0 0:
27:077  0:000  BANK 0 DIMM0 1867MHz 4096MB
27:077  0:000   partNum=K4E6E304EB-EGCF   
27:077  0:000  SMBIOS Type 17 Index = 1 => 1 2:
27:077  0:000  BANK 1 DIMM0 1867MHz 4096MB
27:077  0:000  mTotalSystemMemory = 8192
27:077  0:000  NumberOfMemoryDevices = 2
27:077  0:000  Type20[0]->End = 0x3FFFFF, Type17[0] = 0x1000
27:077  0:000  Type20[1]->End = 0x3FFFFF, Type17[1] = 0x3000
27:077  0:000  Table 131 is present, CPUType=31
27:077  0:000  Change to: 605
27:077  0:000  === [ PatchACPI ] =========================================
27:077  0:000  Xsdt reallocation done
27:077  0:000  old FADT length=10C
27:077  0:000   SignatureFixup: 0xFD16A5CA -> 0x0
27:078  0:000  DSDT found in Clover volume OEM folder: EFI\CLOVER\ACPI\patched\DSDT.aml
27:079  0:001  Apply DsdtFixMask=0x00000000
27:079  0:000     drop _DSM mask=0xFFFF
27:079  0:000  === [ FixBiosDsdt ] =======================================
27:079  0:000  VideoCard devID=0x59168086
27:079  0:000  DisplayADR1[0] = 0x20000, DisplayADR2[0] = 0xFFFE
27:079  0:000  USBADR[0] = 0x140000 and PCIe = 0xFFFE
27:079  0:000  Found Airport BCM at 0x1C0000, 0x0
27:080  0:000  Audio HDA (addr:0x1F0003) setting specified layout-id=28 (0x1C)
27:080  0:000  Patching DSDT:
27:080  0:000   - [change OSID to XSID (to avoid match against _OSI XOSI patch)]: disabled
27:080  0:000   - [change _OSI to XOSI]: disabled
27:080  0:000   - [change _DSM to XDSM]: disabled
27:080  0:000   - [change EC0 to EC]: disabled
27:080  0:000   - [change H_EC to EC]: disabled
27:080  0:000   - [change ECDV to EC]: disabled
27:080  0:000   - [change HDAS to HDEF]: pattern 48444153, patched at: [ (32E) (12) (42AF) (1843) (84) (D) (2B) (32) (4F) (6F) ]
27:080  0:000   - [change HECI to IMEI]: pattern 48454349, patched at: [ (F9EB) ]
27:080  0:000   - [change MEI to IMEI]: pattern 4D45495F, bin not found / already patched!
27:080  0:000   - [change GFX0 to IGPU]: pattern 47465830, patched at: [ (214) (E) (12) (12) (12) (12) (12) (12) (12) (12) (12) (12) (12) (2FF2) (C7EA) (13) (12DA) (12) (16) (5B4) (B5A) (81) (19) (19) (19) (19) (19) (19) (19) (19) (19) (19) (10) (223) (D2B) (1D) (163B) (27) (1854) (18FD) (14) (5BFE) (1388) ]
27:080  0:000   - [change PCI0.VID to IGPU #1 (Thinkpad)]: disabled
27:080  0:000   - [change PCI0.VID to IGPU #2 (Thinkpad)]: disabled
27:080  0:000   - [change 6DA003 to 6DA000]: pattern A06DA003, bin not found / already patched!
27:080  0:000  first CPU found at 15A00 offset 15A03
27:080  0:000  score candidate at 159FC
27:080  0:000  score inserted in acpi_cpu_score _PR_
27:080  0:000  Found ACPI CPU: CPU0 | CPU1 | CPU2 | CPU3 | CPU4 | CPU5 | CPU6 | CPU7 , within the score: _PR_
27:081  0:000  Found PCIROOTUID = 0
27:081  0:000  PreCleanup XSDT: count=31, length=284
27:081  0:000  PreCleanup XSDT, corrected XSDT: count=31, length=284
27:081  0:000  === [ ACPIDropTables ] ====================================
27:081  0:000  Drop tables from XSDT, SIGN=DMAR TableID=INSYDE   Length=240
27:081  0:000   Table[27]: DMAR  INSYDE    240 dropped
27:081  0:000  === [ PatchAllSSDT ] ======================================
27:081  0:000  Patch table: SSDT  INSYDE   len=0x6297
27:081  0:000  0. [change OSID to XSID (to avoid match against _OSI XOSI patch)]: disabled
27:081  0:000  1. [change _OSI to XOSI]: disabled
27:081  0:000  2. [change _DSM to XDSM]: disabled
27:081  0:000  3. [change EC0 to EC]: disabled
27:081  0:000  4. [change H_EC to EC]: disabled
27:081  0:000  5. [change ECDV to EC]: disabled
27:081  0:000  6. [change HDAS to HDEF]: pattern 48444153, bin not found / already patched!
27:081  0:000  7. [change HECI to IMEI]: pattern 48454349, bin not found / already patched!
27:081  0:000  8. [change MEI to IMEI]: pattern 4D45495F, bin not found / already patched!
27:081  0:000  9. [change GFX0 to IGPU]: pattern 47465830, bin not found / already patched!
27:081  0:000  10. [change PCI0.VID to IGPU #1 (Thinkpad)]: disabled
27:081  0:000  11. [change PCI0.VID to IGPU #2 (Thinkpad)]: disabled
27:081  0:000  12. [change 6DA003 to 6DA000]: pattern A06DA003, bin not found / already patched!
27:081  0:000  Patch table: SSDT  INSYDE   len=0x3073
27:081  0:000  0. [change OSID to XSID (to avoid match against _OSI XOSI patch)]: disabled
27:081  0:000  1. [change _OSI to XOSI]: disabled
27:081  0:000  2. [change _DSM to XDSM]: disabled
27:081  0:000  3. [change EC0 to EC]: disabled
27:081  0:000  4. [change H_EC to EC]: disabled
27:081  0:000  5. [change ECDV to EC]: disabled
27:081  0:000  6. [change HDAS to HDEF]: pattern 48444153, bin not found / already patched!
27:081  0:000  7. [change HECI to IMEI]: pattern 48454349, bin not found / already patched!
27:081  0:000  8. [change MEI to IMEI]: pattern 4D45495F, bin not found / already patched!
27:081  0:000  9. [change GFX0 to IGPU]: pattern 47465830, patched at: [ (2D) (20) (60) (25A) (1BD0) (A3A) (1D) (6EC) ]
27:081  0:000  10. [change PCI0.VID to IGPU #1 (Thinkpad)]: disabled
27:081  0:000  11. [change PCI0.VID to IGPU #2 (Thinkpad)]: disabled
27:081  0:000  12. [change 6DA003 to 6DA000]: pattern A06DA003, bin not found / already patched!
27:081  0:000  Patch table: SSDT  INSYDE   len=0x9B56
27:081  0:000  0. [change OSID to XSID (to avoid match against _OSI XOSI patch)]: disabled
27:081  0:000  1. [change _OSI to XOSI]: disabled
27:081  0:000  2. [change _DSM to XDSM]: disabled
27:081  0:000  3. [change EC0 to EC]: disabled
27:081  0:000  4. [change H_EC to EC]: disabled
27:081  0:000  5. [change ECDV to EC]: disabled
27:081  0:000  6. [change HDAS to HDEF]: pattern 48444153, bin not found / already patched!
27:081  0:000  7. [change HECI to IMEI]: pattern 48454349, bin not found / already patched!
27:081  0:000  8. [change MEI to IMEI]: pattern 4D45495F, bin not found / already patched!
27:081  0:000  9. [change GFX0 to IGPU]: pattern 47465830, patched at: [ (E02) (16) (16) (16) (3226) (15) (25) (14) (1F) (15) (22) (15) ]
27:081  0:000  10. [change PCI0.VID to IGPU #1 (Thinkpad)]: disabled
27:081  0:000  11. [change PCI0.VID to IGPU #2 (Thinkpad)]: disabled
27:081  0:000  12. [change 6DA003 to 6DA000]: pattern A06DA003, bin not found / already patched!
27:081  0:000  Patch table: SSDT  INSYDE   len=0xAA8
27:081  0:000  0. [change OSID to XSID (to avoid match against _OSI XOSI patch)]: disabled
27:081  0:000  1. [change _OSI to XOSI]: disabled
27:081  0:000  2. [change _DSM to XDSM]: disabled
27:081  0:000  3. [change EC0 to EC]: disabled
27:081  0:000  4. [change H_EC to EC]: disabled
27:081  0:000  5. [change ECDV to EC]: disabled
27:081  0:000  6. [change HDAS to HDEF]: pattern 48444153, bin not found / already patched!
27:081  0:000  7. [change HECI to IMEI]: pattern 48454349, bin not found / already patched!
27:081  0:000  8. [change MEI to IMEI]: pattern 4D45495F, bin not found / already patched!
27:081  0:000  9. [change GFX0 to IGPU]: pattern 47465830, bin not found / already patched!
27:081  0:000  10. [change PCI0.VID to IGPU #1 (Thinkpad)]: disabled
27:081  0:000  11. [change PCI0.VID to IGPU #2 (Thinkpad)]: disabled
27:081  0:000  12. [change 6DA003 to 6DA000]: pattern A06DA003, bin not found / already patched!
27:081  0:000  Patch table: SSDT  INSYDE   len=0x5BE
27:081  0:000  0. [change OSID to XSID (to avoid match against _OSI XOSI patch)]: disabled
27:081  0:000  1. [change _OSI to XOSI]: disabled
27:081  0:000  2. [change _DSM to XDSM]: disabled
27:081  0:000  3. [change EC0 to EC]: disabled
27:081  0:000  4. [change H_EC to EC]: disabled
27:081  0:000  5. [change ECDV to EC]: disabled
27:081  0:000  6. [change HDAS to HDEF]: pattern 48444153, bin not found / already patched!
27:081  0:000  7. [change HECI to IMEI]: pattern 48454349, bin not found / already patched!
27:081  0:000  8. [change MEI to IMEI]: pattern 4D45495F, bin not found / already patched!
27:081  0:000  9. [change GFX0 to IGPU]: pattern 47465830, bin not found / already patched!
27:081  0:000  10. [change PCI0.VID to IGPU #1 (Thinkpad)]: disabled
27:081  0:000  11. [change PCI0.VID to IGPU #2 (Thinkpad)]: disabled
27:081  0:000  12. [change 6DA003 to 6DA000]: pattern A06DA003, bin not found / already patched!
27:081  0:000  Patch table: SSDT  INSYDE   len=0x1BC
27:081  0:000  0. [change OSID to XSID (to avoid match against _OSI XOSI patch)]: disabled
27:081  0:000  1. [change _OSI to XOSI]: disabled
27:081  0:000  2. [change _DSM to XDSM]: disabled
27:081  0:000  3. [change EC0 to EC]: disabled
27:081  0:000  4. [change H_EC to EC]: disabled
27:081  0:000  5. [change ECDV to EC]: disabled
27:081  0:000  6. [change HDAS to HDEF]: pattern 48444153, bin not found / already patched!
27:081  0:000  7. [change HECI to IMEI]: pattern 48454349, bin not found / already patched!
27:081  0:000  8. [change MEI to IMEI]: pattern 4D45495F, bin not found / already patched!
27:081  0:000  9. [change GFX0 to IGPU]: pattern 47465830, bin not found / already patched!
27:081  0:000  10. [change PCI0.VID to IGPU #1 (Thinkpad)]: disabled
27:081  0:000  11. [change PCI0.VID to IGPU #2 (Thinkpad)]: disabled
27:081  0:000  12. [change 6DA003 to 6DA000]: pattern A06DA003, bin not found / already patched!
27:081  0:000  Patch table: SSDT  INSYDE   len=0x29F
27:081  0:000  0. [change OSID to XSID (to avoid match against _OSI XOSI patch)]: disabled
27:081  0:000  1. [change _OSI to XOSI]: disabled
27:081  0:000  2. [change _DSM to XDSM]: disabled
27:081  0:000  3. [change EC0 to EC]: disabled
27:081  0:000  4. [change H_EC to EC]: disabled
27:081  0:000  5. [change ECDV to EC]: disabled
27:081  0:000  6. [change HDAS to HDEF]: pattern 48444153, bin not found / already patched!
27:081  0:000  7. [change HECI to IMEI]: pattern 48454349, bin not found / already patched!
27:081  0:000  8. [change MEI to IMEI]: pattern 4D45495F, bin not found / already patched!
27:081  0:000  9. [change GFX0 to IGPU]: pattern 47465830, bin not found / already patched!
27:081  0:000  10. [change PCI0.VID to IGPU #1 (Thinkpad)]: disabled
27:081  0:000  11. [change PCI0.VID to IGPU #2 (Thinkpad)]: disabled
27:081  0:000  12. [change 6DA003 to 6DA000]: pattern A06DA003, bin not found / already patched!
27:081  0:000  Patch table: SSDT  INSYDE   len=0x346
27:081  0:000  0. [change OSID to XSID (to avoid match against _OSI XOSI patch)]: disabled
27:081  0:000  1. [change _OSI to XOSI]: disabled
27:081  0:000  2. [change _DSM to XDSM]: disabled
27:081  0:000  3. [change EC0 to EC]: disabled
27:081  0:000  4. [change H_EC to EC]: disabled
27:081  0:000  5. [change ECDV to EC]: disabled
27:081  0:000  6. [change HDAS to HDEF]: pattern 48444153, bin not found / already patched!
27:081  0:000  7. [change HECI to IMEI]: pattern 48454349, bin not found / already patched!
27:081  0:000  8. [change MEI to IMEI]: pattern 4D45495F, bin not found / already patched!
27:081  0:000  9. [change GFX0 to IGPU]: pattern 47465830, bin not found / already patched!
27:081  0:000  10. [change PCI0.VID to IGPU #1 (Thinkpad)]: disabled
27:081  0:000  11. [change PCI0.VID to IGPU #2 (Thinkpad)]: disabled
27:081  0:000  12. [change 6DA003 to 6DA000]: pattern A06DA003, bin not found / already patched!
27:081  0:000  Patch table: SSDT  INSYDE   len=0x357E
27:081  0:000  0. [change OSID to XSID (to avoid match against _OSI XOSI patch)]: disabled
27:081  0:000  1. [change _OSI to XOSI]: disabled
27:081  0:000  2. [change _DSM to XDSM]: disabled
27:081  0:000  3. [change EC0 to EC]: disabled
27:081  0:000  4. [change H_EC to EC]: disabled
27:081  0:000  5. [change ECDV to EC]: disabled
27:081  0:000  6. [change HDAS to HDEF]: pattern 48444153, bin not found / already patched!
27:081  0:000  7. [change HECI to IMEI]: pattern 48454349, bin not found / already patched!
27:081  0:000  8. [change MEI to IMEI]: pattern 4D45495F, bin not found / already patched!
27:081  0:000  9. [change GFX0 to IGPU]: pattern 47465830, bin not found / already patched!
27:081  0:000  10. [change PCI0.VID to IGPU #1 (Thinkpad)]: disabled
27:081  0:000  11. [change PCI0.VID to IGPU #2 (Thinkpad)]: disabled
27:081  0:000  12. [change 6DA003 to 6DA000]: pattern A06DA003, bin not found / already patched!
27:081  0:000  Patch table: SSDT  INSYDE   len=0x51E
27:081  0:000  0. [change OSID to XSID (to avoid match against _OSI XOSI patch)]: disabled
27:081  0:000  1. [change _OSI to XOSI]: disabled
27:081  0:000  2. [change _DSM to XDSM]: disabled
27:081  0:000  3. [change EC0 to EC]: disabled
27:081  0:000  4. [change H_EC to EC]: disabled
27:081  0:000  5. [change ECDV to EC]: disabled
27:081  0:000  6. [change HDAS to HDEF]: pattern 48444153, bin not found / already patched!
27:081  0:000  7. [change HECI to IMEI]: pattern 48454349, bin not found / already patched!
27:081  0:000  8. [change MEI to IMEI]: pattern 4D45495F, bin not found / already patched!
27:081  0:000  9. [change GFX0 to IGPU]: pattern 47465830, bin not found / already patched!
27:081  0:000  10. [change PCI0.VID to IGPU #1 (Thinkpad)]: disabled
27:081  0:000  11. [change PCI0.VID to IGPU #2 (Thinkpad)]: disabled
27:081  0:000  12. [change 6DA003 to 6DA000]: pattern A06DA003, bin not found / already patched!
27:081  0:000  Patch table: SSDT  INSYDE   len=0x106A
27:081  0:000  0. [change OSID to XSID (to avoid match against _OSI XOSI patch)]: disabled
27:081  0:000  1. [change _OSI to XOSI]: disabled
27:081  0:000  2. [change _DSM to XDSM]: disabled
27:081  0:000  3. [change EC0 to EC]: disabled
27:081  0:000  4. [change H_EC to EC]: disabled
27:081  0:000  5. [change ECDV to EC]: disabled
27:081  0:000  6. [change HDAS to HDEF]: pattern 48444153, bin not found / already patched!
27:081  0:000  7. [change HECI to IMEI]: pattern 48454349, bin not found / already patched!
27:081  0:000  8. [change MEI to IMEI]: pattern 4D45495F, bin not found / already patched!
27:082  0:000  9. [change GFX0 to IGPU]: pattern 47465830, bin not found / already patched!
27:082  0:000  10. [change PCI0.VID to IGPU #1 (Thinkpad)]: disabled
27:082  0:000  11. [change PCI0.VID to IGPU #2 (Thinkpad)]: disabled
27:082  0:000  12. [change 6DA003 to 6DA000]: pattern A06DA003, bin not found / already patched!
27:082  0:000  Patch table: SSDT  INSYDE   len=0xEDE
27:082  0:000  0. [change OSID to XSID (to avoid match against _OSI XOSI patch)]: disabled
27:082  0:000  1. [change _OSI to XOSI]: disabled
27:082  0:000  2. [change _DSM to XDSM]: disabled
27:082  0:000  3. [change EC0 to EC]: disabled
27:082  0:000  4. [change H_EC to EC]: disabled
27:082  0:000  5. [change ECDV to EC]: disabled
27:082  0:000  6. [change HDAS to HDEF]: pattern 48444153, bin not found / already patched!
27:082  0:000  7. [change HECI to IMEI]: pattern 48454349, bin not found / already patched!
27:082  0:000  8. [change MEI to IMEI]: pattern 4D45495F, bin not found / already patched!
27:082  0:000  9. [change GFX0 to IGPU]: pattern 47465830, bin not found / already patched!
27:082  0:000  10. [change PCI0.VID to IGPU #1 (Thinkpad)]: disabled
27:082  0:000  11. [change PCI0.VID to IGPU #2 (Thinkpad)]: disabled
27:082  0:000  12. [change 6DA003 to 6DA000]: pattern A06DA003, bin not found / already patched!
27:082  0:000  === [ ACPIPatchedAML ] ====================================
27:082  0:000  Unsorted
27:082  0:000  Inserting SSDT-XWAK.aml from EFI\CLOVER\ACPI\patched: size=57 ... Success
27:083  0:001  Inserting SSDT-XSEL.aml from EFI\CLOVER\ACPI\patched: size=57 ... Success
27:083  0:000  Inserting SSDT-XOSI.aml from EFI\CLOVER\ACPI\patched: size=178 ... Success
27:084  0:000  Inserting SSDT-XHC.aml from EFI\CLOVER\ACPI\patched: size=363 ... Success
27:084  0:000  Inserting SSDT-XCPM.aml from EFI\CLOVER\ACPI\patched: size=80 ... Success
27:084  0:000  Inserting SSDT-UPRW.aml from EFI\CLOVER\ACPI\patched: size=87 ... Success
27:085  0:000  Inserting SSDT-SMBUS.aml from EFI\CLOVER\ACPI\patched: size=138 ... Success
27:085  0:000  Inserting SSDT-SKLSPF.aml from EFI\CLOVER\ACPI\patched: size=1338 ... Success
27:086  0:000  Inserting SSDT-SATA.aml from EFI\CLOVER\ACPI\patched: size=296 ... Success
27:086  0:000  Inserting SSDT-RMDT.aml from EFI\CLOVER\ACPI\patched: size=576 ... Success
27:086  0:000  Inserting SSDT-RMCF.aml from EFI\CLOVER\ACPI\patched: size=899 ... Success
27:087  0:000  Inserting SSDT-PTSWAK.aml from EFI\CLOVER\ACPI\patched: size=782 ... Success
27:087  0:000  Inserting SSDT-LANCPRW.aml from EFI\CLOVER\ACPI\patched: size=111 ... Success
27:087  0:000  Inserting SSDT-IMEI.aml from EFI\CLOVER\ACPI\patched: size=312 ... Success
27:088  0:000  Inserting SSDT-IGPU.aml from EFI\CLOVER\ACPI\patched: size=5433 ... Success
27:088  0:000  Inserting SSDT-IALL.aml from EFI\CLOVER\ACPI\patched: size=12987 ... Success
27:088  0:000  Inserting SSDT-HDEF.aml from EFI\CLOVER\ACPI\patched: size=227 ... Success
27:089  0:000  Inserting SSDT-HDAU.aml from EFI\CLOVER\ACPI\patched: size=204 ... Success
27:089  0:000  Inserting SSDT-GPRW.aml from EFI\CLOVER\ACPI\patched: size=87 ... Success
27:089  0:000  Inserting SSDT-ESEL.aml from EFI\CLOVER\ACPI\patched: size=57 ... Success
27:089  0:000  Inserting SSDT-EH02.aml from EFI\CLOVER\ACPI\patched: size=260 ... Success
27:090  0:000  Inserting SSDT-EH01.aml from EFI\CLOVER\ACPI\patched: size=260 ... Success
27:090  0:000  Inserting SSDT-DEHCI.aml from EFI\CLOVER\ACPI\patched: size=359 ... Success
27:090  0:000  Inserting SSDT-DEH02.aml from EFI\CLOVER\ACPI\patched: size=267 ... Success
27:091  0:000  Inserting SSDT-DEH01.aml from EFI\CLOVER\ACPI\patched: size=267 ... Success
27:091  0:000  Inserting SSDT-Config.aml from EFI\CLOVER\ACPI\patched: size=887 ... Success
27:091  0:000  Inserting SSDT-DDGPU.aml from EFI\CLOVER\ACPI\patched: size=224 ... Success
27:092  0:000  Inserting SSDT-LPC.aml from EFI\CLOVER\ACPI\patched: size=390 ... Success
27:092  0:000  Inserting SSDT-ALS0.aml from EFI\CLOVER\ACPI\patched: size=101 ... Success
27:092  0:000  CPUBase=0 and ApicCPUBase=1 ApicCPUNum=8
27:092  0:000  Cleanup XSDT: count=60, length=516
27:092  0:000  corrected XSDT count=59, length=508
27:092  0:000  === [ RestSetup macOS ] ===================================
27:092  0:000  EdidDiscovered size=128
27:092  0:000  --- Discovered EDID Table size:128
27:092  0:000  000  |  00  FF  FF  FF  FF  FF  FF  00  0D  AE
27:092  0:000  010  |  65  13  00  00  00  00  34  18  01  04
27:092  0:000  020  |  A5  1D  11  78  02  CE  85  A3  57  4E
27:092  0:000  030  |  9D  26  12  50  54  00  00  00  01  01
27:092  0:000  040  |  01  01  01  01  01  01  01  01  01  01
27:092  0:000  050  |  01  01  01  01  36  36  80  A0  70  38
27:092  0:000  060  |  20  40  2E  1E  24  00  25  A5  10  00
27:092  0:000  070  |  00  1A  24  24  80  A0  70  38  20  40
27:092  0:000  080  |  2E  1E  24  00  25  A5  10  00  00  1A
27:092  0:000  090  |  00  00  00  00  00  00  00  00  00  00
27:092  0:000  100  |  00  00  00  00  00  00  00  00  00  00
27:092  0:000  110  |  00  02  00  0C  2B  FF  12  3C  AF  16
27:092  0:000  120  |  11  32  AF  00  00  00  00  08
27:092  0:000  Intel HD Graphics 620 [8086:5916] :: PciRoot(0x0)\Pci(0x2,0x0)
27:092  0:000    Found Full HD Display - 16:9 :: Width=1920 Height=1080
27:092  0:000    IntelHDMI: used
27:092  0:000    Beginning DualLink auto-detection
27:092  0:000    High Resolution Display
27:092  0:000    AAPL00,DualLink = 1
27:092  0:000    FakeID Intel GFX: not set
27:092  0:000    ig-platform-id: not set
27:092  0:000    Beginning Intel GFX auto-detection with ACPI injection
27:092  0:000    Found FakeID Intel GFX = 0x59168086
27:092  0:000    Found ig-platform-id = 0x59160000
27:092  0:000  Intel GFX revision  = 0x2
27:092  0:000   RCBA disabled; cannot use it
27:092  0:000   setting specified layout-id=28 (0x1C)
27:092  0:000  stringlength = 2844
27:093  0:000  CurrentMode: Width=1920 Height=1080
27:093  0:000  Beginning FSInjection
FSInjectionInstall ...
- Our FSI_SIMPLE_FILE_SYSTEM_PROTOCOL installed on handle: 6EAA3E58
FSInjectionInstall ...
- Our FSI_SIMPLE_FILE_SYSTEM_PROTOCOL installed on handle: 6EAA3E58
27:095  0:002  Use origin smbios table type 1 guid.
27:095  0:000    Force kext: System\Library\Extensions\IONetworkingFamily.kext
27:113  0:017      Force PlugIn kext: System\Library\Extensions\IONetworkingFamily.kext\Contents\PlugIns\nvenet.kext
27:126  0:013      Force PlugIn kext: System\Library\Extensions\IONetworkingFamily.kext\Contents\PlugIns\AppleEthernetAquantiaAqtion.kext
27:145  0:018      Force PlugIn kext: System\Library\Extensions\IONetworkingFamily.kext\Contents\PlugIns\AppleBCM5701Ethernet.kext
27:166  0:021      Force PlugIn kext: System\Library\Extensions\IONetworkingFamily.kext\Contents\PlugIns\AppleIntelI210Ethernet.kext
27:181  0:014      Force PlugIn kext: System\Library\Extensions\IONetworkingFamily.kext\Contents\PlugIns\Intel82574L.kext
27:197  0:016      Force PlugIn kext: System\Library\Extensions\IONetworkingFamily.kext\Contents\PlugIns\IOEthernetAVBController.kext
27:207  0:009      Force PlugIn kext: System\Library\Extensions\IONetworkingFamily.kext\Contents\PlugIns\AppleYukon2.kext
27:261  0:054      Force PlugIn kext: System\Library\Extensions\IONetworkingFamily.kext\Contents\PlugIns\AppleEthernetAquantiaAqtionFirmware.kext
27:276  0:014      Force PlugIn kext: System\Library\Extensions\IONetworkingFamily.kext\Contents\PlugIns\AppleIntel8254XEthernet.kext
27:289  0:013      Force PlugIn kext: System\Library\Extensions\IONetworkingFamily.kext\Contents\PlugIns\AppleVmxnet3Ethernet.kext
27:301  0:012      Force PlugIn kext: System\Library\Extensions\IONetworkingFamily.kext\Contents\PlugIns\mDNSOffloadUserClient.kext
27:311  0:010  Preparing kexts injection for arch=x86_64 from EFI\CLOVER\kexts\Other
27:311  0:000  Extra kext: EFI\CLOVER\kexts\Other\DisplayMergeNub.kext (v.9.9.9)
27:320  0:009  Extra kext: EFI\CLOVER\kexts\Other\BrcmPatchRAM2.kext (v.2.2.7)
27:431  0:110  Extra kext: EFI\CLOVER\kexts\Other\AppleBacklightInjector.kext (v.0.9.0)
27:438  0:006  Extra kext: EFI\CLOVER\kexts\Other\FakeSMC.kext (v.1787)
27:458  0:019    |-- PlugIn kext: EFI\CLOVER\kexts\Other\FakeSMC.kext\Contents\PlugIns\FakeSMC_CPUSensors.kext (v.1787)
27:470  0:012    |-- PlugIn kext: EFI\CLOVER\kexts\Other\FakeSMC.kext\Contents\PlugIns\FakeSMC_GPUSensors.kext (v.1787)
27:488  0:017    |-- PlugIn kext: EFI\CLOVER\kexts\Other\FakeSMC.kext\Contents\PlugIns\FakeSMC_ACPISensors.kext (v.1787)
27:507  0:019    |-- PlugIn kext: EFI\CLOVER\kexts\Other\FakeSMC.kext\Contents\PlugIns\FakeSMC_LPCSensors.kext (v.1787)
27:661  0:153  Extra kext: EFI\CLOVER\kexts\Other\IntelGraphicsFixup.kext (v.1.2.7)
27:678  0:017  Extra kext: EFI\CLOVER\kexts\Other\Shiki.kext (v.2.2.3)
27:692  0:013  Extra kext: EFI\CLOVER\kexts\Other\ApplePS2SmartTouchPad.kext (v.4.6.8)
27:745  0:053    |-- PlugIn kext: EFI\CLOVER\kexts\Other\ApplePS2SmartTouchPad.kext\Contents\PlugIns\ApplePS2Controller.kext (v.4.6.8)
27:758  0:012    |-- PlugIn kext: EFI\CLOVER\kexts\Other\ApplePS2SmartTouchPad.kext\Contents\PlugIns\ApplePS2Keyboard.kext (v.4.6.8)
27:774  0:016  Extra kext: EFI\CLOVER\kexts\Other\CoreDisplayFixup.kext (v.1.3.4)
27:789  0:014  Extra kext: EFI\CLOVER\kexts\Other\CPUFriend.kext (v.1.1.2)
27:805  0:016  Extra kext: EFI\CLOVER\kexts\Other\USBInjectAll.kext (v.0.6.2)
28:631  0:825  Extra kext: EFI\CLOVER\kexts\Other\GenericUSBXHCI.kext (v.1.2.11)
28:646  0:014  Extra kext: EFI\CLOVER\kexts\Other\RealtekRTL8111.kext (v.2.2.1)
28:661  0:015  Extra kext: EFI\CLOVER\kexts\Other\IntelGraphicsDVMTFixup.kext (v.1.2.0)
28:676  0:014  Extra kext: EFI\CLOVER\kexts\Other\CPUFriendDataProvider.kext (v.1.0.0)
28:693  0:016  Extra kext: EFI\CLOVER\kexts\Other\HWPEnabler.kext (v.1.1)
28:706  0:013  Extra kext: EFI\CLOVER\kexts\Other\WhateverGreen.kext (v.1.1.6)
28:724  0:017  Extra kext: EFI\CLOVER\kexts\Other\XHCI-200-series-injector.kext (v.0.5.0)
28:731  0:006  Extra kext: EFI\CLOVER\kexts\Other\IntelMausiEthernet.kext (v.2.3.0)
28:745  0:014  Extra kext: EFI\CLOVER\kexts\Other\CodecCommander.kext (v.2.5.2)
28:789  0:043  Extra kext: EFI\CLOVER\kexts\Other\SATA-100-series-unsupported.kext (v.0.5.1)
28:795  0:006  Extra kext: EFI\CLOVER\kexts\Other\AtherosE2200Ethernet.kext (v.2.2.2)
28:810  0:014  Extra kext: EFI\CLOVER\kexts\Other\AppleALC.kext (v.1.2.6)
29:489  0:679  Extra kext: EFI\CLOVER\kexts\Other\AirportBrcmFixup.kext (v.1.1.2)
29:517  0:028  Extra kext: EFI\CLOVER\kexts\Other\BrcmFirmwareData.kext (v.2.2.7)
29:535  0:017  Extra kext: EFI\CLOVER\kexts\Other\Lilu.kext (v.1.2.3)
29:551  0:016  Extra kext: EFI\CLOVER\kexts\Other\ACPIBatteryManager.kext (v.1.80)
29:579  0:028  SetStartupDiskVolume:
29:579  0:000    * Volume: 'Laptop-SSD'
29:579  0:000    * LoaderPath: '<null string>'
29:579  0:000    * DevPath: Laptop-SSD
29:579  0:000    * GUID = 035692A8-133F-40D9-AF85-6B3F84232C22
29:580  0:000    * efi-boot-device: <array><dict><key>IOMatch</key><dict><key>IOProviderClass</key><string>IOMedia</string><key>IOPropertyMatch</key><dict><key>UUID</key><string>035692A8-133F-40D9-AF85-6B3F84232C22</string></dict></dict></dict></array>
29:580  0:000  Custom boot screen not used because entry has unset use graphics
29:581  0:001  Closing log
